Flow report for StopWatch
Mon Jun 11 21:43:12 2012
Quartus II 32-bit Version 11.1 Build 216 11/23/2011 Service Pack 1 SJ Web Edition


---------------------
; Table of Contents ;
---------------------
  1. Legal Notice
  2. Flow Summary
  3. Flow Settings
  4. Flow Non-Default Global Settings
  5. Flow Elapsed Time
  6. Flow OS Summary
  7. Flow Log



----------------
; Legal Notice ;
----------------
Copyright (C) 1991-2011 Altera Corporation
Your use of Altera Corporation's design tools, logic functions 
and other software and tools, and its AMPP partner logic 
functions, and any output files from any of the foregoing 
(including device programming or simulation files), and any 
associated documentation or information are expressly subject 
to the terms and conditions of the Altera Program License 
Subscription Agreement, Altera MegaCore Function License 
Agreement, or other applicable license agreement, including, 
without limitation, that your use is for the sole purpose of 
programming logic devices manufactured by Altera and sold by 
Altera or its authorized distributors.  Please refer to the 
applicable agreement for further details.



+---------------------------------------------------------------------------+
; Flow Summary                                                              ;
+---------------------------+-----------------------------------------------+
; Flow Status               ; Successful - Mon Jun 11 21:43:06 2012         ;
; Quartus II 32-bit Version ; 11.1 Build 216 11/23/2011 SP 1 SJ Web Edition ;
; Revision Name             ; StopWatch                                     ;
; Top-level Entity Name     ; StopWatch                                     ;
; Family                    ; MAX3000A                                      ;
; Device                    ; EPM3064ALC44-10                               ;
; Timing Models             ; Final                                         ;
; Total macrocells          ; 18 / 64 ( 28 % )                              ;
; Total pins                ; 14 / 34 ( 41 % )                              ;
+---------------------------+-----------------------------------------------+


+-----------------------------------------+
; Flow Settings                           ;
+-------------------+---------------------+
; Option            ; Setting             ;
+-------------------+---------------------+
; Start date & time ; 06/11/2012 21:42:49 ;
; Main task         ; Compilation         ;
; Revision Name     ; StopWatch           ;
+-------------------+---------------------+


+-----------------------------------------------------------------------------------------------------+
; Flow Non-Default Global Settings                                                                    ;
+------------------------+---------------------------------+---------------+-------------+------------+
; Assignment Name        ; Value                           ; Default Value ; Entity Name ; Section Id ;
+------------------------+---------------------------------+---------------+-------------+------------+
; COMPILER_SIGNATURE_ID  ; 211979052529183.133943116907416 ; --            ; --          ; --         ;
; MAX_CORE_JUNCTION_TEMP ; 85                              ; --            ; --          ; --         ;
; MIN_CORE_JUNCTION_TEMP ; 0                               ; --            ; --          ; --         ;
+------------------------+---------------------------------+---------------+-------------+------------+


+-------------------------------------------------------------------------------------------------------------------------------+
; Flow Elapsed Time                                                                                                             ;
+---------------------------+--------------+-------------------------+---------------------+------------------------------------+
; Module Name               ; Elapsed Time ; Average Processors Used ; Peak Virtual Memory ; Total CPU Time (on all processors) ;
+---------------------------+--------------+-------------------------+---------------------+------------------------------------+
; Analysis & Synthesis      ; 00:00:07     ; 1.0                     ; 285 MB              ; 00:00:06                           ;
; Fitter                    ; 00:00:02     ; 1.0                     ; 244 MB              ; 00:00:02                           ;
; Assembler                 ; 00:00:03     ; 1.0                     ; 259 MB              ; 00:00:02                           ;
; TimeQuest Timing Analyzer ; 00:00:07     ; 1.0                     ; 249 MB              ; 00:00:04                           ;
; Total                     ; 00:00:19     ; --                      ; --                  ; 00:00:14                           ;
+---------------------------+--------------+-------------------------+---------------------+------------------------------------+


+----------------------------------------------------------------------------------------+
; Flow OS Summary                                                                        ;
+---------------------------+------------------+-----------+------------+----------------+
; Module Name               ; Machine Hostname ; OS Name   ; OS Version ; Processor type ;
+---------------------------+------------------+-----------+------------+----------------+
; Analysis & Synthesis      ; sekhar-PC        ; Windows 7 ; 6.1        ; x86_64         ;
; Fitter                    ; sekhar-PC        ; Windows 7 ; 6.1        ; x86_64         ;
; Assembler                 ; sekhar-PC        ; Windows 7 ; 6.1        ; x86_64         ;
; TimeQuest Timing Analyzer ; sekhar-PC        ; Windows 7 ; 6.1        ; x86_64         ;
+---------------------------+------------------+-----------+------------+----------------+


------------
; Flow Log ;
------------
quartus_map --read_settings_files=on --write_settings_files=off StopWatch -c StopWatch
quartus_fit --read_settings_files=off --write_settings_files=off StopWatch -c StopWatch
quartus_asm --read_settings_files=off --write_settings_files=off StopWatch -c StopWatch
quartus_sta StopWatch -c StopWatch



